#
# A fatal error has been detected by the Java Runtime Environment:
#
#  EXCEPTION_ACCESS_VIOLATION (0xc0000005) at pc=0x00007ffa8592b488, pid=7380, tid=0x0000000000003cf0
#
# JRE version: Java(TM) SE Runtime Environment (8.0_271-b09) (build 1.8.0_271-b09)
# Java VM: Java HotSpot(TM) 64-Bit Server VM (25.271-b09 mixed mode windows-amd64 compressed oops)
# Problematic frame:
# C  [nvoglv64.dll+0x116b488]
#
# Failed to write core dump. Minidumps are not enabled by default on client versions of Windows
#
# If you would like to submit a bug report, please visit:
#   http://bugreport.java.com/bugreport/crash.jsp
# The crash happened outside the Java Virtual Machine in native code.
# See problematic frame for where to report the bug.
#

---------------  T H R E A D  ---------------

Current thread (0x0000017edd7bd800):  JavaThread "Thread-0" [_thread_in_native, id=15600, stack(0x0000003e32100000,0x0000003e32200000)]

siginfo: ExceptionCode=0xc0000005, reading address 0x0000000000000001

Registers:
RAX=0x0000017edfacf414, RBX=0x0000000000000004, RCX=0x00007ffa8592b488, RDX=0x0000000000000001
RSP=0x0000003e321feca8, RBP=0x0000000000000001, RSI=0x0000000000000001, RDI=0x0000017edf194080
R8 =0x0000000000000004, R9 =0x00007ffa847c0000, R10=0x0000000000000001, R11=0x0000017edfacf414
R12=0x0000000000000000, R13=0x0000017ee4c92160, R14=0x0000017edfacf414, R15=0x0000017edd7bd800
RIP=0x00007ffa8592b488, EFLAGS=0x0000000000010206

Top of Stack: (sp=0x0000003e321feca8)
0x0000003e321feca8:   00007ffa84fae3b6 0000017ec1e58300
0x0000003e321fecb8:   0000017ee4c92160 0000017ee4c92160
0x0000003e321fecc8:   0000017ee4c92160 0000017ec1e5837d
0x0000003e321fecd8:   0000017ec1e69f4e 0000003e321fed90
0x0000003e321fece8:   0000017ee4c92160 0000003e321fed60
0x0000003e321fecf8:   0000000000000108 0000000000000108
0x0000003e321fed08:   0000017edd7bd800 0000003e321fedf8
0x0000003e321fed18:   0000017ec1e69c02 0000003e321fed20
0x0000003e321fed28:   0000017ee4c92160 0000003e321fed90
0x0000003e321fed38:   0000017ee4ca5340 0000000000000000
0x0000003e321fed48:   0000017ee4c92160 0000000000000000
0x0000003e321fed58:   0000003e321fed80 0000003e321fedd8
0x0000003e321fed68:   0000017ec1e5837d 000000076cd82ad8
0x0000003e321fed78:   0000017ec1e62d78 0000000000000001
0x0000003e321fed88:   0000017ee4bfdfbd 0000000000000001
0x0000003e321fed98:   0000003e321fed98 0000017edadf2c1a 

Instructions: (pc=0x00007ffa8592b488)
0x00007ffa8592b468:   02 f3 0f 7f 00 c3 66 90 4c 8b 02 0f b7 4a 08 44
0x00007ffa8592b478:   0f b6 4a 0a 4c 89 00 66 89 48 08 44 88 48 0a c3
0x00007ffa8592b488:   8b 0a 89 08 c3 0f 1f 00 8b 0a 44 0f b6 42 04 89
0x00007ffa8592b498:   08 44 88 40 04 c3 66 90 8b 0a 44 0f b7 42 04 89 


Register to memory mapping:

RAX=0x0000017edfacf414 is an unknown value
RBX=0x0000000000000004 is an unknown value
RCX=0x00007ffa8592b488 is an unknown value
RDX=0x0000000000000001 is an unknown value
RSP=0x0000003e321feca8 is pointing into the stack for thread: 0x0000017edd7bd800
RBP=0x0000000000000001 is an unknown value
RSI=0x0000000000000001 is an unknown value
RDI=0x0000017edf194080 is an unknown value
R8 =0x0000000000000004 is an unknown value
R9 =0x00007ffa847c0000 is an unknown value
R10=0x0000000000000001 is an unknown value
R11=0x0000017edfacf414 is an unknown value
R12=0x0000000000000000 is an unknown value
R13={method} {0x0000017ee4c92168} 'nglDrawBuffers' '(IJ)V' in 'org/lwjgl/opengl/GL20C'
R14=0x0000017edfacf414 is an unknown value
R15=0x0000017edd7bd800 is a thread


Stack: [0x0000003e32100000,0x0000003e32200000],  sp=0x0000003e321feca8,  free space=1019k
Native frames: (J=compiled Java code, j=interpreted, Vv=VM code, C=native code)
C  [nvoglv64.dll+0x116b488]
C  [nvoglv64.dll+0x7ee3b6]
C  0x0000017ec1e69f4e

Java frames: (J=compiled Java code, j=interpreted, Vv=VM code)
j  org.lwjgl.opengl.GL20C.nglDrawBuffers(IJ)V+0
j  org.lwjgl.opengl.GL20.nglDrawBuffers(IJ)V+2
j  engine.render.Renderer.renderScene(Lengine/items/GameItem;)V+21
j  engine.render.Renderer.render(Lengine/general/Window;Lengine/items/GameItem;)V+31
j  program.Program.render(Lengine/general/Window;)V+48
j  engine.general.GameEngine.render()V+8
j  engine.general.GameEngine.frameAction()V+80
j  engine.general.GameEngine.gameLoop()V+22
j  engine.general.GameEngine.run()V+5
j  java.lang.Thread.run()V+11
v  ~StubRoutines::call_stub

---------------  P R O C E S S  ---------------

Java Threads: ( => current thread )
  0x0000017ec044c800 JavaThread "DestroyJavaVM" [_thread_blocked, id=4220, stack(0x0000003e30c00000,0x0000003e30d00000)]
=>0x0000017edd7bd800 JavaThread "Thread-0" [_thread_in_native, id=15600, stack(0x0000003e32100000,0x0000003e32200000)]
  0x0000017edd654000 JavaThread "Service Thread" daemon [_thread_blocked, id=12412, stack(0x0000003e31f00000,0x0000003e32000000)]
  0x0000017edd550000 JavaThread "C1 CompilerThread3" daemon [_thread_blocked, id=9360, stack(0x0000003e31e00000,0x0000003e31f00000)]
  0x0000017edd545000 JavaThread "C2 CompilerThread2" daemon [_thread_blocked, id=6276, stack(0x0000003e31d00000,0x0000003e31e00000)]
  0x0000017edd543000 JavaThread "C2 CompilerThread1" daemon [_thread_blocked, id=8780, stack(0x0000003e31c00000,0x0000003e31d00000)]
  0x0000017edd540800 JavaThread "C2 CompilerThread0" daemon [_thread_blocked, id=11524, stack(0x0000003e31b00000,0x0000003e31c00000)]
  0x0000017edd53a800 JavaThread "Monitor Ctrl-Break" daemon [_thread_in_native, id=10996, stack(0x0000003e31a00000,0x0000003e31b00000)]
  0x0000017edb1f8000 JavaThread "Attach Listener" daemon [_thread_blocked, id=10860, stack(0x0000003e31900000,0x0000003e31a00000)]
  0x0000017edb1f7000 JavaThread "Signal Dispatcher" daemon [_thread_blocked, id=10688, stack(0x0000003e31800000,0x0000003e31900000)]
  0x0000017edb1d1000 JavaThread "Finalizer" daemon [_thread_blocked, id=7636, stack(0x0000003e31700000,0x0000003e31800000)]
  0x0000017edb1c1800 JavaThread "Reference Handler" daemon [_thread_blocked, id=1380, stack(0x0000003e31600000,0x0000003e31700000)]

Other Threads:
  0x0000017edb199000 VMThread [stack: 0x0000003e31500000,0x0000003e31600000] [id=4488]
  0x0000017edd756000 WatcherThread [stack: 0x0000003e32000000,0x0000003e32100000] [id=7156]

VM state:not at safepoint (normal execution)

VM Mutex/Monitor currently owned by a thread: None

heap address: 0x00000006c0c00000, size: 4084 MB, Compressed Oops mode: Zero based, Oop shift amount: 3
Narrow klass base: 0x0000000000000000, Narrow klass shift: 3
Compressed class space size: 1073741824 Address: 0x00000007c0000000

Heap:
 PSYoungGen      total 76288K, used 33101K [0x000000076af00000, 0x0000000770400000, 0x00000007c0000000)
  eden space 65536K, 50% used [0x000000076af00000,0x000000076cf53518,0x000000076ef00000)
  from space 10752K, 0% used [0x000000076f980000,0x000000076f980000,0x0000000770400000)
  to   space 10752K, 0% used [0x000000076ef00000,0x000000076ef00000,0x000000076f980000)
 ParOldGen       total 175104K, used 0K [0x00000006c0c00000, 0x00000006cb700000, 0x000000076af00000)
  object space 175104K, 0% used [0x00000006c0c00000,0x00000006c0c00000,0x00000006cb700000)
 Metaspace       used 10873K, capacity 11147K, committed 11264K, reserved 1058816K
  class space    used 885K, capacity 978K, committed 1024K, reserved 1048576K

Card table byte_map: [0x0000017ed1210000,0x0000017ed1a10000] byte_map_base: 0x0000017ecdc0a000

Marking Bits: (ParMarkBitMap*) 0x0000000057de7fe0
 Begin Bits: [0x0000017ed1f70000, 0x0000017ed5f40000)
 End Bits:   [0x0000017ed5f40000, 0x0000017ed9f10000)

Polling page: 0x0000017ec1e20000

CodeCache: size=245760Kb used=3259Kb max_used=3270Kb free=242500Kb
 bounds [0x0000017ec1e50000, 0x0000017ec2190000, 0x0000017ed0e50000]
 total_blobs=1681 nmethods=720 adapters=874
 compilation: enabled

Compilation events (10 events):
Event: 1.137 Thread 0x0000017edd550000  715       3       java.util.concurrent.atomic.AtomicLong::compareAndSet (13 bytes)
Event: 1.137 Thread 0x0000017edd550000 nmethod 715 0x0000017ec217e5d0 code [0x0000017ec217e720, 0x0000017ec217e898]
Event: 1.137 Thread 0x0000017edd550000  718       3       java.util.Random::nextDouble (24 bytes)
Event: 1.137 Thread 0x0000017edd540800  719       4       java.util.Random::next (47 bytes)
Event: 1.137 Thread 0x0000017edd550000 nmethod 718 0x0000017ec217e910 code [0x0000017ec217eaa0, 0x0000017ec217eca0]
Event: 1.137 Thread 0x0000017edd550000  717       3       java.lang.Math::random (7 bytes)
Event: 1.137 Thread 0x0000017edd550000 nmethod 717 0x0000017ec217ed50 code [0x0000017ec217eee0, 0x0000017ec217f140]
Event: 1.138 Thread 0x0000017edd540800 nmethod 719 0x0000017ec2181f10 code [0x0000017ec2182040, 0x0000017ec2182118]
Event: 1.138 Thread 0x0000017edd550000  720       1       java.nio.Buffer::remaining (10 bytes)
Event: 1.138 Thread 0x0000017edd550000 nmethod 720 0x0000017ec2181c50 code [0x0000017ec2181da0, 0x0000017ec2181eb8]

GC Heap History (0 events):
No events

Deoptimization events (1 events):
Event: 0.320 Thread 0x0000017edd7bd800 Uncommon trap: reason=unstable_if action=reinterpret pc=0x0000017ec1fdb2d4 method=java.lang.String.indexOf([CII[CIII)I @ 134

Classes redefined (0 events):
No events

Internal exceptions (10 events):
Event: 0.360 Thread 0x0000017edd7bd800 Exception <a 'sun/nio/fs/WindowsException'> (0x000000076bc50c70) thrown at [C:\jenkins\workspace\8-2-build-windows-amd64-cygwin\jdk8u271\605\hotspot\src\share\vm\prims\jni.cpp, line 710]
Event: 0.361 Thread 0x0000017edd7bd800 Exception <a 'sun/nio/fs/WindowsException'> (0x000000076bc52730) thrown at [C:\jenkins\workspace\8-2-build-windows-amd64-cygwin\jdk8u271\605\hotspot\src\share\vm\prims\jni.cpp, line 710]
Event: 0.397 Thread 0x0000017edd7bd800 Exception <a 'sun/nio/fs/WindowsException'> (0x000000076bd7fc50) thrown at [C:\jenkins\workspace\8-2-build-windows-amd64-cygwin\jdk8u271\605\hotspot\src\share\vm\prims\jni.cpp, line 710]
Event: 0.397 Thread 0x0000017edd7bd800 Exception <a 'sun/nio/fs/WindowsException'> (0x000000076bd80380) thrown at [C:\jenkins\workspace\8-2-build-windows-amd64-cygwin\jdk8u271\605\hotspot\src\share\vm\prims\jni.cpp, line 710]
Event: 0.431 Thread 0x0000017edd7bd800 Exception <a 'sun/nio/fs/WindowsException'> (0x000000076be52408) thrown at [C:\jenkins\workspace\8-2-build-windows-amd64-cygwin\jdk8u271\605\hotspot\src\share\vm\prims\jni.cpp, line 710]
Event: 0.431 Thread 0x0000017edd7bd800 Exception <a 'sun/nio/fs/WindowsException'> (0x000000076be52ae8) thrown at [C:\jenkins\workspace\8-2-build-windows-amd64-cygwin\jdk8u271\605\hotspot\src\share\vm\prims\jni.cpp, line 710]
Event: 0.755 Thread 0x0000017edd7bd800 Exception <a 'sun/nio/fs/WindowsException'> (0x000000076bf12a18) thrown at [C:\jenkins\workspace\8-2-build-windows-amd64-cygwin\jdk8u271\605\hotspot\src\share\vm\prims\jni.cpp, line 710]
Event: 0.755 Thread 0x0000017edd7bd800 Exception <a 'sun/nio/fs/WindowsException'> (0x000000076bf13158) thrown at [C:\jenkins\workspace\8-2-build-windows-amd64-cygwin\jdk8u271\605\hotspot\src\share\vm\prims\jni.cpp, line 710]
Event: 0.757 Thread 0x0000017edd7bd800 Exception <a 'sun/nio/fs/WindowsException'> (0x000000076bf2b3c8) thrown at [C:\jenkins\workspace\8-2-build-windows-amd64-cygwin\jdk8u271\605\hotspot\src\share\vm\prims\jni.cpp, line 710]
Event: 0.757 Thread 0x0000017edd7bd800 Exception <a 'sun/nio/fs/WindowsException'> (0x000000076bf2b9c0) thrown at [C:\jenkins\workspace\8-2-build-windows-amd64-cygwin\jdk8u271\605\hotspot\src\share\vm\prims\jni.cpp, line 710]

Events (10 events):
Event: 1.143 loading class org/lwjgl/opengl/GL33C
Event: 1.143 loading class org/lwjgl/opengl/GL33C done
Event: 1.143 loading class org/lwjgl/opengl/GL32C
Event: 1.143 loading class org/lwjgl/opengl/GL32C done
Event: 1.144 loading class org/lwjgl/opengl/GL31C
Event: 1.144 loading class org/lwjgl/opengl/GL31C done
Event: 1.145 loading class engine/items/Texture
Event: 1.145 loading class engine/items/Texture done
Event: 1.146 loading class engine/items/Texture$FilterMode
Event: 1.146 loading class engine/items/Texture$FilterMode done


Dynamic libraries:
0x00007ff640540000 - 0x00007ff640587000 	C:\Program Files\Java\jdk1.8.0_271\bin\java.exe
0x00007ffaea9d0000 - 0x00007ffaeabc5000 	C:\WINDOWS\SYSTEM32\ntdll.dll
0x00007ffaea7f0000 - 0x00007ffaea8ad000 	C:\WINDOWS\System32\KERNEL32.DLL
0x00007ffae8110000 - 0x00007ffae83d9000 	C:\WINDOWS\System32\KERNELBASE.dll
0x00007ffae9640000 - 0x00007ffae96ec000 	C:\WINDOWS\System32\ADVAPI32.DLL
0x00007ffae9cc0000 - 0x00007ffae9d5e000 	C:\WINDOWS\System32\msvcrt.dll
0x00007ffae9950000 - 0x00007ffae99ec000 	C:\WINDOWS\System32\sechost.dll
0x00007ffae9b90000 - 0x00007ffae9cbb000 	C:\WINDOWS\System32\RPCRT4.dll
0x00007ffae96f0000 - 0x00007ffae9890000 	C:\WINDOWS\System32\USER32.dll
0x00007ffae86c0000 - 0x00007ffae86e2000 	C:\WINDOWS\System32\win32u.dll
0x00007ffaea1a0000 - 0x00007ffaea1ca000 	C:\WINDOWS\System32\GDI32.dll
0x00007ffae86f0000 - 0x00007ffae87fb000 	C:\WINDOWS\System32\gdi32full.dll
0x00007ffae8620000 - 0x00007ffae86bd000 	C:\WINDOWS\System32\msvcp_win.dll
0x00007ffae8800000 - 0x00007ffae8900000 	C:\WINDOWS\System32\ucrtbase.dll
0x00007ffacfc90000 - 0x00007ffacff2a000 	C:\WINDOWS\WinSxS\amd64_microsoft.windows.common-controls_6595b64144ccf1df_6.0.19041.844_none_ca00b6081b84eb1d\COMCTL32.dll
0x00007ffae8a90000 - 0x00007ffae8ac0000 	C:\WINDOWS\System32\IMM32.DLL
0x00007ffae5a70000 - 0x00007ffae5a85000 	C:\Program Files\Java\jdk1.8.0_271\jre\bin\vcruntime140.dll
0x00007ffae0890000 - 0x00007ffae092b000 	C:\Program Files\Java\jdk1.8.0_271\jre\bin\msvcp140.dll
0x00000000575f0000 - 0x0000000057e5f000 	C:\Program Files\Java\jdk1.8.0_271\jre\bin\server\jvm.dll
0x00007ffae9630000 - 0x00007ffae9638000 	C:\WINDOWS\System32\PSAPI.DLL
0x00007ffae3b90000 - 0x00007ffae3b9a000 	C:\WINDOWS\SYSTEM32\VERSION.dll
0x00007ffae1ee0000 - 0x00007ffae1ee9000 	C:\WINDOWS\SYSTEM32\WSOCK32.dll
0x00007ffae1e00000 - 0x00007ffae1e27000 	C:\WINDOWS\SYSTEM32\WINMM.dll
0x00007ffae99f0000 - 0x00007ffae9a5b000 	C:\WINDOWS\System32\WS2_32.dll
0x00007ffae69f0000 - 0x00007ffae6a02000 	C:\WINDOWS\SYSTEM32\kernel.appcore.dll
0x00007ffae5aa0000 - 0x00007ffae5ab0000 	C:\Program Files\Java\jdk1.8.0_271\jre\bin\verify.dll
0x00007ffae0860000 - 0x00007ffae088b000 	C:\Program Files\Java\jdk1.8.0_271\jre\bin\java.dll
0x00007ffae0690000 - 0x00007ffae06c0000 	C:\Program Files\Java\jdk1.8.0_271\jre\bin\instrument.dll
0x00007ffae13c0000 - 0x00007ffae13d8000 	C:\Program Files\Java\jdk1.8.0_271\jre\bin\zip.dll
0x00007ffae8b90000 - 0x00007ffae92d2000 	C:\WINDOWS\System32\SHELL32.dll
0x00007ffae6250000 - 0x00007ffae69e0000 	C:\WINDOWS\SYSTEM32\windows.storage.dll
0x00007ffae9e40000 - 0x00007ffaea195000 	C:\WINDOWS\System32\combase.dll
0x00007ffae7b80000 - 0x00007ffae7bac000 	C:\WINDOWS\SYSTEM32\Wldp.dll
0x00007ffae9890000 - 0x00007ffae993e000 	C:\WINDOWS\System32\SHCORE.dll
0x00007ffae8a30000 - 0x00007ffae8a85000 	C:\WINDOWS\System32\shlwapi.dll
0x00007ffae8050000 - 0x00007ffae806f000 	C:\WINDOWS\SYSTEM32\profapi.dll
0x00007ffadef50000 - 0x00007ffadef6a000 	C:\Program Files\JetBrains\IntelliJ IDEA Community Edition 2020.2.3\bin\breakgen64.dll
0x00007ffae07f0000 - 0x00007ffae080c000 	C:\Program Files\Java\jdk1.8.0_271\jre\bin\net.dll
0x00007ffae7900000 - 0x00007ffae796a000 	C:\WINDOWS\system32\mswsock.dll
0x00007ffae0740000 - 0x00007ffae0753000 	C:\Program Files\Java\jdk1.8.0_271\jre\bin\nio.dll
0x00007ffad54a0000 - 0x00007ffad5504000 	C:\Users\niels\AppData\Local\Temp\lwjglNiels\3.2.3-build-13\lwjgl.dll
0x00007ffabe9e0000 - 0x00007ffabec33000 	C:\Users\niels\AppData\Local\Temp\lwjglNiels\3.2.3-build-13\jemalloc.dll
0x00007ffad5430000 - 0x00007ffad5492000 	C:\Users\niels\AppData\Local\Temp\lwjglNiels\3.2.3-build-13\glfw.dll
0x00007ffae5b70000 - 0x00007ffae5c0e000 	C:\WINDOWS\system32\uxtheme.dll
0x00007ffad5330000 - 0x00007ffad5375000 	C:\WINDOWS\SYSTEM32\dinput8.dll
0x00007ffad5030000 - 0x00007ffad5041000 	C:\WINDOWS\SYSTEM32\xinput1_4.dll
0x00007ffae8900000 - 0x00007ffae894e000 	C:\WINDOWS\System32\cfgmgr32.dll
0x00007ffae7ec0000 - 0x00007ffae7eec000 	C:\WINDOWS\SYSTEM32\DEVOBJ.dll
0x00007ffae5da0000 - 0x00007ffae5dcf000 	C:\WINDOWS\SYSTEM32\dwmapi.dll
0x00007fface5a0000 - 0x00007fface6f2000 	C:\WINDOWS\SYSTEM32\inputhost.dll
0x00007ffae8ac0000 - 0x00007ffae8b8d000 	C:\WINDOWS\System32\OLEAUT32.dll
0x00007ffae3e00000 - 0x00007ffae3f54000 	C:\WINDOWS\SYSTEM32\wintypes.dll
0x00007ffae54c0000 - 0x00007ffae55b2000 	C:\WINDOWS\SYSTEM32\CoreMessaging.dll
0x00007ffae60e0000 - 0x00007ffae61d7000 	C:\WINDOWS\SYSTEM32\PROPSYS.dll
0x00007ffae5160000 - 0x00007ffae54be000 	C:\WINDOWS\SYSTEM32\CoreUIComponents.dll
0x00007ffae8950000 - 0x00007ffae89d0000 	C:\WINDOWS\System32\bcryptPrimitives.dll
0x00007ffae6f80000 - 0x00007ffae6fb3000 	C:\WINDOWS\SYSTEM32\ntmarta.dll
0x00007ffae94a0000 - 0x00007ffae95b5000 	C:\WINDOWS\System32\MSCTF.dll
0x00007ffae69e0000 - 0x00007ffae69ed000 	C:\WINDOWS\SYSTEM32\HID.DLL
0x00007ffaea380000 - 0x00007ffaea7e9000 	C:\WINDOWS\System32\SETUPAPI.DLL
0x00007ffae85f0000 - 0x00007ffae8617000 	C:\WINDOWS\System32\bcrypt.dll
0x00007ffae89d0000 - 0x00007ffae8a30000 	C:\WINDOWS\System32\WINTRUST.dll
0x00007ffae83e0000 - 0x00007ffae853f000 	C:\WINDOWS\System32\CRYPT32.dll
0x00007ffae7d00000 - 0x00007ffae7d12000 	C:\WINDOWS\SYSTEM32\MSASN1.dll
0x00007ffaaf000000 - 0x00007ffaaf126000 	C:\WINDOWS\SYSTEM32\opengl32.dll
0x00007ffacea20000 - 0x00007ffacea4c000 	C:\WINDOWS\SYSTEM32\GLU32.dll
0x00007ffae9390000 - 0x00007ffae9439000 	C:\WINDOWS\System32\clbcatq.dll
0x00007ffa847c0000 - 0x00007ffa87153000 	C:\WINDOWS\System32\DriverStore\FileRepository\nv_dispi.inf_amd64_69d6cb4608dadaa3\nvoglv64.dll
0x00007ffae9a60000 - 0x00007ffae9b8a000 	C:\WINDOWS\System32\ole32.dll
0x00007ffae3360000 - 0x00007ffae3374000 	C:\WINDOWS\SYSTEM32\WTSAPI32.dll
0x00007ffae2090000 - 0x00007ffae20c1000 	C:\WINDOWS\SYSTEM32\cryptnet.dll
0x00007ffae7af0000 - 0x00007ffae7afc000 	C:\WINDOWS\SYSTEM32\cryptbase.dll
0x00007ffae21e0000 - 0x00007ffae221b000 	C:\WINDOWS\SYSTEM32\dxcore.dll
0x00007ffaae0e0000 - 0x00007ffaae399000 	C:\WINDOWS\system32\nvspcap64.dll
0x00007ffae7710000 - 0x00007ffae775b000 	C:\WINDOWS\SYSTEM32\powrprof.dll
0x00007ffae7580000 - 0x00007ffae7592000 	C:\WINDOWS\SYSTEM32\UMPDC.dll
0x00007ffae6ed0000 - 0x00007ffae6f2a000 	C:\WINDOWS\SYSTEM32\WINSTA.dll
0x00007fface4a0000 - 0x00007fface59b000 	C:\WINDOWS\SYSTEM32\textinputframework.dll
0x00007ffad4fd0000 - 0x00007ffad5029000 	C:\Users\niels\AppData\Local\Temp\lwjglNiels\3.2.3-build-13\lwjgl_opengl.dll
0x00007ffae1b60000 - 0x00007ffae1d44000 	C:\WINDOWS\SYSTEM32\dbghelp.dll

VM Arguments:
jvm_args: -javaagent:C:\Program Files\JetBrains\IntelliJ IDEA Community Edition 2020.2.3\lib\idea_rt.jar=11027:C:\Program Files\JetBrains\IntelliJ IDEA Community Edition 2020.2.3\bin -Dfile.encoding=UTF-8 
java_command: program.Main
java_class_path (initial): C:\Program Files\Java\jdk1.8.0_271\jre\lib\charsets.jar;C:\Program Files\Java\jdk1.8.0_271\jre\lib\deploy.jar;C:\Program Files\Java\jdk1.8.0_271\jre\lib\ext\access-bridge-64.jar;C:\Program Files\Java\jdk1.8.0_271\jre\lib\ext\cldrdata.jar;C:\Program Files\Java\jdk1.8.0_271\jre\lib\ext\dnsns.jar;C:\Program Files\Java\jdk1.8.0_271\jre\lib\ext\jaccess.jar;C:\Program Files\Java\jdk1.8.0_271\jre\lib\ext\jfxrt.jar;C:\Program Files\Java\jdk1.8.0_271\jre\lib\ext\localedata.jar;C:\Program Files\Java\jdk1.8.0_271\jre\lib\ext\nashorn.jar;C:\Program Files\Java\jdk1.8.0_271\jre\lib\ext\sunec.jar;C:\Program Files\Java\jdk1.8.0_271\jre\lib\ext\sunjce_provider.jar;C:\Program Files\Java\jdk1.8.0_271\jre\lib\ext\sunmscapi.jar;C:\Program Files\Java\jdk1.8.0_271\jre\lib\ext\sunpkcs11.jar;C:\Program Files\Java\jdk1.8.0_271\jre\lib\ext\zipfs.jar;C:\Program Files\Java\jdk1.8.0_271\jre\lib\javaws.jar;C:\Program Files\Java\jdk1.8.0_271\jre\lib\jce.jar;C:\Program Files\Java\jdk1.8.0_271\jre\lib\jfr.jar;C:\Program Files\Java\jdk1.8.0_271\jre\lib\jfxswt.jar;C:\Program Files\Java\jdk1.8.0_271\jre\lib\jsse.jar;C:\Program Files\Java\jdk1.8.0_271\jre\lib\management-agent.jar;C:\Program Files\Java\jdk1.8.0_271\jre\lib\plugin.jar;C:\Program Files\Java\jdk1.8.0_271\jre\lib\resources.jar;C:\Program Files\Java\jdk1.8.0_271\jre\lib\rt.jar;C:\Users\niels\IdeaProjects\slime_simulation\out\production\slime_simulation;C:\Program Files\Java\LWJGL3.23\lwjgl.jar;C:\Program Files\Java\LWJGL3.23\lwjgl-egl.jar;C:\Program Files\Java\LWJGL3.23\lwjgl-lz4.jar;C:\Program Files\Java\LWJGL3.23\lwjgl-nfd.jar;C:\Program Files\Java\LWJGL3.23\lwjgl-ovr.jar;C:\Program Files\Java\LWJGL3.23\lwjgl-par.jar;C:\Program Files\Java\LWJGL3.23\lwjgl-sse.jar;C:\Program Files\Java\LWJGL3.23\lwjgl-stb.jar;C:\Program Files\Java\LWJGL3.23\lwjgl-vma.jar;C:\Program Files\Java\LWJGL3.23\lwjgl-bgfx.jar;C:\Program Files\Java\LWJGL3.23\lwjgl-cuda.jar;C:\Program Files\Java\LWJGL3.23\lwjgl-glfw.jar;C:\Program Files\Java
Launcher Type: SUN_STANDARD

Environment Variables:
PATH=C:\Program Files (x86)\Common Files\Oracle\Java\javapath;C:\ProgramData\Oracle\Java\javapath;C:\Windows\system32;C:\Windows;C:\Windows\System32\Wbem;C:\Windows\System32\WindowsPowerShell\v1.0\;C:\Program Files (x86)\NVIDIA Corporation\PhysX\Common;C:\WINDOWS\system32;C:\WINDOWS;C:\WINDOWS\System32\Wbem;C:\WINDOWS\System32\WindowsPowerShell\v1.0\;C:\Program Files (x86)\Windows Live\Shared;C:\Program Files\Microsoft SQL Server\120\Tools\Binn\;C:\Program Files (x86)\Windows Kits\10\Windows Performance Toolkit\;C:\WINDOWS\System32\OpenSSH\;C:\Program Files\NVIDIA Corporation\NVIDIA NvDLISR;C:\WINDOWS\system32;C:\WINDOWS;C:\WINDOWS\System32\Wbem;C:\WINDOWS\System32\WindowsPowerShell\v1.0\;C:\WINDOWS\System32\OpenSSH\;C:\Program Files\Git\cmd;C:\Users\niels\AppData\Local\Microsoft\WindowsApps;
USERNAME=Niels
OS=Windows_NT
PROCESSOR_IDENTIFIER=Intel64 Family 6 Model 94 Stepping 3, GenuineIntel



---------------  S Y S T E M  ---------------

OS: Windows 10.0 , 64 bit Build 19041 (10.0.19041.804)

CPU:total 8 (initial active 8) (4 cores per cpu, 2 threads per core) family 6 model 94 stepping 3, cmov, cx8, fxsr, mmx, sse, sse2, sse3, ssse3, sse4.1, sse4.2, popcnt, avx, avx2, aes, clmul, erms, rtm, 3dnowpref, lzcnt, ht, tsc, tscinvbit, bmi1, bmi2, adx

Memory: 4k page, physical 16725744k(8472968k free), swap 23803632k(12219364k free)

vm_info: Java HotSpot(TM) 64-Bit Server VM (25.271-b09) for windows-amd64 JRE (1.8.0_271-b09), built on Sep 16 2020 19:14:59 by "" with MS VC++ 15.9 (VS2017)

time: Mon Mar 29 21:11:41 2021
timezone: Mitteleuropäische Sommerzeit
elapsed time: 1.198393 seconds (0d 0h 0m 1s)

